<?xml version="1.0" encoding="UTF-8"?>
<!-- Generated by org.testng.reporters.JUnitReportReporter -->
<testsuite hostname="DESKTOP-M4P8B8C" failures="0" tests="1" name="annotation.TestAnnotation" time="0.001" errors="0" timestamp="24 Dec 2019 11:43:35 GMT">
  <testcase classname="annotation.TestAnnotation" name="testMethod" time="0.001"/>
</testsuite> <!-- annotation.TestAnnotation -->
