<?xml version="1.0" encoding="UTF-8"?>
<!-- Generated by org.testng.reporters.JUnitReportReporter -->
<testsuite hostname="DESKTOP-M4P8B8C" failures="0" tests="2" name="annotation.TestSuiteExample" time="0.000" errors="0" timestamp="24 Dec 2019 11:43:35 GMT">
  <testcase classname="annotation.TestSuiteExample" name="testMethodTwo" time="0.000"/>
  <testcase classname="annotation.TestSuiteExample" name="testMethod" time="0.000"/>
</testsuite> <!-- annotation.TestSuiteExample -->
